Build started 2014/12/21 2:55:59.
     1>Project "E:\OpenGL\SuperBible5\WorkSpace\SB5Learning\C7-AdvancedTexture\C7-AdvancedTexture.vcxproj" on node 2 (Build target(s)).
     1>ClCompile:
         C:\Program Files (x86)\Microsoft Visual Studio 11.0\VC\bin\CL.exe /c /Zi /nologo /W3 /WX- /O2 /Oi /Oy- /GL /D WIN32 /D NDEBUG /D _CONSOLE /D _UNICODE /D UNICODE /Gm- /EHsc /MD /GS /Gy /fp:precise /Zc:wchar_t /Zc:forScope /Fo"Release\\" /Fd"Release\vc110.pdb" /Gd /TP /analyze- /errorReport:prompt CubeMapped\Cubemap.cpp
         Cubemap.cpp
     1>CubeMapped\Cubemap.cpp(170): warning C4305: 'argument' : truncation from 'double' to 'float'
     1>CubeMapped\Cubemap.cpp(173): warning C4305: 'argument' : truncation from 'double' to 'float'
       Link:
         C:\Program Files (x86)\Microsoft Visual Studio 11.0\VC\bin\link.exe /ERRORREPORT:PROMPT /OUT:"E:\OpenGL\SuperBible5\WorkSpace\SB5Learning\Release\C7-AdvancedTexture.exe" /INCREMENTAL:NO /NOLOGO kernel32.lib user32.lib gdi32.lib winspool.lib comdlg32.lib advapi32.lib shell32.lib ole32.lib oleaut32.lib uuid.lib odbc32.lib odbccp32.lib /MANIFEST /MANIFESTUAC:"level='asInvoker' uiAccess='false'" /manifest:embed /DEBUG /PDB:"E:\OpenGL\SuperBible5\WorkSpace\SB5Learning\Release\C7-AdvancedTexture.pdb" /SUBSYSTEM:CONSOLE /OPT:REF /OPT:ICF /LTCG /TLBID:1 /DYNAMICBASE /NXCOMPAT /IMPLIB:"E:\OpenGL\SuperBible5\WorkSpace\SB5Learning\Release\C7-AdvancedTexture.lib" /MACHINE:X86 /SAFESEH Release\Cubemap.obj
         Release\MultiTexture.obj
         Release\NormalMapped.obj
         Release\PointSprites.obj
         Release\SphereMapped.obj
         Release\TextureArrays.obj
         Release\SphereWorld.obj
         "..\..\..\Resources\freeglut-2.6.0\VisualStudio2008Static\Release\freeglut_static.lib"
         ..\..\..\Resources\VisualStudio2008\GLTools\Release\gltools.lib
     1>LINK : warning LNK4098: defaultlib 'LIBCMT' conflicts with use of other libs; use /NODEFAULTLIB:library
         Generating code
         Finished generating code
     1>gltools.lib(GLBatch.obj) : warning LNK4099: PDB 'vc90.pdb' was not found with 'gltools.lib(GLBatch.obj)' or at 'E:\OpenGL\SuperBible5\WorkSpace\SB5Learning\Release\vc90.pdb'; linking object as if no debug info
     1>gltools.lib(glew.obj) : warning LNK4099: PDB 'vc90.pdb' was not found with 'gltools.lib(glew.obj)' or at 'E:\OpenGL\SuperBible5\WorkSpace\SB5Learning\Release\vc90.pdb'; linking object as if no debug info
     1>gltools.lib(GLTools.obj) : warning LNK4099: PDB 'vc90.pdb' was not found with 'gltools.lib(GLTools.obj)' or at 'E:\OpenGL\SuperBible5\WorkSpace\SB5Learning\Release\vc90.pdb'; linking object as if no debug info
     1>gltools.lib(GLTriangleBatch.obj) : warning LNK4099: PDB 'vc90.pdb' was not found with 'gltools.lib(GLTriangleBatch.obj)' or at 'E:\OpenGL\SuperBible5\WorkSpace\SB5Learning\Release\vc90.pdb'; linking object as if no debug info
     1>gltools.lib(math3d.obj) : warning LNK4099: PDB 'vc90.pdb' was not found with 'gltools.lib(math3d.obj)' or at 'E:\OpenGL\SuperBible5\WorkSpace\SB5Learning\Release\vc90.pdb'; linking object as if no debug info
         C7-AdvancedTexture.vcxproj -> E:\OpenGL\SuperBible5\WorkSpace\SB5Learning\Release\C7-AdvancedTexture.exe
     1>Done Building Project "E:\OpenGL\SuperBible5\WorkSpace\SB5Learning\C7-AdvancedTexture\C7-AdvancedTexture.vcxproj" (Build target(s)).

Build succeeded.

Time Elapsed 00:00:00.67
